2019-12-16 01:17:17,384 INFO  [org.jboss.as.server] (Thread-2) WFLYSRV0272: Suspending server
2019-12-16 01:17:17,727 INFO  [org.jboss.as.ejb3] (Thread-2) WFLYEJB0493: EJB subsystem suspension complete
2019-12-16 01:17:17,737 INFO  [org.jboss.as.server] (Thread-2) WFLYSRV0220: Server shutdown has been requested via an OS signal
2019-12-16 01:17:18,012 INFO  [org.jboss.as.connector.deployers.jdbc] (MSC service thread 1-4) WFLYJCA0019: Stopped Driver service with driver-name = proyecto1.war_org.postgresql.Driver_9_3
2019-12-16 01:17:18,166 INFO  [org.jboss.as.mail.extension] (MSC service thread 1-4) WFLYMAIL0002: Unbound mail session [java:jboss/mail/Default]
2019-12-16 01:17:18,223 INFO  [org.wildfly.extension.undertow] (ServerService Thread Pool -- 81) WFLYUT0022: Unregistered web context: '/proyecto1' from server 'default-server'
2019-12-16 01:17:18,346 INFO  [org.wildfly.extension.undertow] (MSC service thread 1-1) WFLYUT0019: Host default-host stopping
2019-12-16 01:17:18,393 INFO  [org.jboss.as.connector.subsystems.datasources] (MSC service thread 1-1) WFLYJCA0010: Unbound data source [java:jboss/datasources/ExampleDS]
2019-12-16 01:17:18,550 INFO  [org.jboss.as.connector.deployers.jdbc] (MSC service thread 1-4) WFLYJCA0019: Stopped Driver service with driver-name = h2
2019-12-16 01:17:18,687 INFO  [org.wildfly.extension.undertow] (MSC service thread 1-4) WFLYUT0008: Undertow HTTPS listener https suspending
2019-12-16 01:17:18,760 INFO  [org.wildfly.extension.undertow] (MSC service thread 1-4) WFLYUT0007: Undertow HTTPS listener https stopped, was bound to 127.0.0.1:8443
2019-12-16 01:17:18,793 INFO  [org.jboss.as.server.deployment] (MSC service thread 1-2) WFLYSRV0028: Stopped deployment proyecto1.war (runtime-name: proyecto1.war) in 963ms
2019-12-16 01:17:18,882 INFO  [org.wildfly.extension.undertow] (MSC service thread 1-1) WFLYUT0008: Undertow HTTP listener default suspending
2019-12-16 01:17:18,900 INFO  [org.wildfly.extension.undertow] (MSC service thread 1-1) WFLYUT0007: Undertow HTTP listener default stopped, was bound to 127.0.0.1:8080
2019-12-16 01:17:18,907 INFO  [org.wildfly.extension.undertow] (MSC service thread 1-3) WFLYUT0004: Undertow 2.0.27.Final stopping
2019-12-16 01:17:18,992 INFO  [org.jboss.as.clustering.infinispan] (ServerService Thread Pool -- 82) WFLYCLINF0003: Stopped client-mappings cache from ejb container
2019-12-16 01:17:19,051 INFO  [org.jboss.as] (MSC service thread 1-3) WFLYSRV0050: WildFly Full 18.0.1.Final (WildFly Core 10.0.3.Final) stopped in 1222ms
2019-12-16 15:07:32,529 INFO  [org.jboss.modules] (main) JBoss Modules version 1.9.1.Final
2019-12-16 15:08:06,281 INFO  [org.jboss.msc] (main) JBoss MSC version 1.4.11.Final
2019-12-16 15:08:06,789 INFO  [org.jboss.threads] (main) JBoss Threads version 2.3.3.Final
2019-12-16 15:08:19,662 INFO  [org.jboss.as] (MSC service thread 1-2) WFLYSRV0049: WildFly Full 18.0.1.Final (WildFly Core 10.0.3.Final) starting
2019-12-16 15:08:19,666 DEBUG [org.jboss.as.config] (MSC service thread 1-2) Configured system properties:
	awt.toolkit = sun.awt.windows.WToolkit
	file.encoding = Cp1252
	file.encoding.pkg = sun.io
	file.separator = \
	java.awt.graphicsenv = sun.awt.Win32GraphicsEnvironment
	java.awt.printerjob = sun.awt.windows.WPrinterJob
	java.class.path = D:\SOFTWARE\wildfly-18.0.1.Final\jboss-modules.jar
	java.class.version = 52.0
	java.endorsed.dirs = C:\Program Files\Java\jre1.8.0_231\lib\endorsed
	java.ext.dirs = C:\Program Files\Java\jre1.8.0_231\lib\ext;C:\WINDOWS\Sun\Java\lib\ext
	java.home = C:\Program Files\Java\jre1.8.0_231
	java.io.tmpdir = C:\Users\Santi\AppData\Local\Temp\
	java.library.path = C:\Program Files (x86)\Common Files\Oracle\Java\javapath;C:\WINDOWS\Sun\Java\bin;C:\WINDOWS\system32;C:\WINDOWS;D:\app\SANTI\product\11.2.0\dbhome_1\bin;C:\ProgramData\DockerDesktop\version-bin;C:\Program Files\Docker\Docker\Resources\bin;C:\Program Files\Microsoft MPI\Bin\;C:\Program Files (x86)\Common Files\Oracle\Java\javapath;C:\ProgramData\Oracle\Java\javapath;C:\WINDOWS\system32;C:\WINDOWS;C:\WINDOWS\System32\Wbem;C:\WINDOWS\System32\WindowsPowerShell\v1.0\;C:\WINDOWS\System32\OpenSSH\;C:\Program Files\Git\cmd;C:\Program Files\Microsoft SQL Server\Client SDK\ODBC\130\Tools\Binn\;C:\Program Files (x86)\Microsoft SQL Server\140\Tools\Binn\;C:\Program Files\Microsoft SQL Server\140\Tools\Binn\;C:\Program Files\Microsoft SQL Server\140\DTS\Binn\;C:\Program Files (x86)\Microsoft SQL Server\140\DTS\Binn\;C:\Program Files (x86)\Microsoft SQL Server\150\DTS\Binn\;C:\Program Files\nodejs\;C:\Program Files\MongoDB\Server\4.2\bin;C:\Program Files\MATLAB\R2017b2\runtime\win64;C:\Program Files\MATLAB\R2017b2\bin;C:\Program Files\Java\jdk1.8.0_65\bin;C:\Users\Santi\AppData\Local\Programs\Python\Python37-32\Scripts\;C:\Users\Santi\AppData\Local\Programs\Python\Python37-32\;C:\Users\Santi\AppData\Local\Microsoft\WindowsApps;C:\Users\Santi\AppData\Local\Programs\Microsoft VS Code\bin;C:\Users\Santi\AppData\Local\GitHubDesktop\bin;C:\Users\Santi\AppData\Roaming\npm;C:\Program Files\Java\jdk1.8.0_65\bin;C:\Program Files\heroku\bin;.
	java.net.preferIPv4Stack = true
	java.runtime.name = Java(TM) SE Runtime Environment
	java.runtime.version = 1.8.0_231-b11
	java.specification.name = Java Platform API Specification
	java.specification.vendor = Oracle Corporation
	java.specification.version = 1.8
	java.util.logging.manager = org.jboss.logmanager.LogManager
	java.vendor = Oracle Corporation
	java.vendor.url = http://java.oracle.com/
	java.vendor.url.bug = http://bugreport.sun.com/bugreport/
	java.version = 1.8.0_231
	java.vm.info = mixed mode
	java.vm.name = Java HotSpot(TM) 64-Bit Server VM
	java.vm.specification.name = Java Virtual Machine Specification
	java.vm.specification.vendor = Oracle Corporation
	java.vm.specification.version = 1.8
	java.vm.vendor = Oracle Corporation
	java.vm.version = 25.231-b11
	javax.management.builder.initial = org.jboss.as.jmx.PluggableMBeanServerBuilder
	jboss.home.dir = D:\SOFTWARE\wildfly-18.0.1.Final
	jboss.host.name = santi
	jboss.modules.dir = D:\SOFTWARE\wildfly-18.0.1.Final\modules
	jboss.modules.system.pkgs = org.jboss.byteman
	jboss.node.name = santi
	jboss.qualified.host.name = santi
	jboss.server.base.dir = D:\SOFTWARE\wildfly-18.0.1.Final\standalone
	jboss.server.config.dir = D:\SOFTWARE\wildfly-18.0.1.Final\standalone\configuration
	jboss.server.data.dir = D:\SOFTWARE\wildfly-18.0.1.Final\standalone\data
	jboss.server.deploy.dir = D:\SOFTWARE\wildfly-18.0.1.Final\standalone\data\content
	jboss.server.log.dir = D:\SOFTWARE\wildfly-18.0.1.Final\standalone\log
	jboss.server.name = santi
	jboss.server.persist.config = true
	jboss.server.temp.dir = D:\SOFTWARE\wildfly-18.0.1.Final\standalone\tmp
	line.separator = 

	logging.configuration = file:D:\SOFTWARE\wildfly-18.0.1.Final\standalone\configuration/logging.properties
	module.path = D:\SOFTWARE\wildfly-18.0.1.Final\modules
	org.jboss.boot.log.file = D:\SOFTWARE\wildfly-18.0.1.Final\standalone\log\server.log
	org.jboss.resolver.warning = true
	os.arch = amd64
	os.name = Windows 10
	os.version = 10.0
	path.separator = ;
	program.name = standalone.bat
	sun.arch.data.model = 64
	sun.boot.class.path = C:\Program Files\Java\jre1.8.0_231\lib\resources.jar;C:\Program Files\Java\jre1.8.0_231\lib\rt.jar;C:\Program Files\Java\jre1.8.0_231\lib\sunrsasign.jar;C:\Program Files\Java\jre1.8.0_231\lib\jsse.jar;C:\Program Files\Java\jre1.8.0_231\lib\jce.jar;C:\Program Files\Java\jre1.8.0_231\lib\charsets.jar;C:\Program Files\Java\jre1.8.0_231\lib\jfr.jar;C:\Program Files\Java\jre1.8.0_231\classes
	sun.boot.library.path = C:\Program Files\Java\jre1.8.0_231\bin
	sun.cpu.endian = little
	sun.cpu.isalist = amd64
	sun.desktop = windows
	sun.io.unicode.encoding = UnicodeLittle
	sun.java.command = D:\SOFTWARE\wildfly-18.0.1.Final\jboss-modules.jar -mp D:\SOFTWARE\wildfly-18.0.1.Final\modules org.jboss.as.standalone -Djboss.home.dir=D:\SOFTWARE\wildfly-18.0.1.Final
	sun.java.launcher = SUN_STANDARD
	sun.jnu.encoding = Cp1252
	sun.management.compiler = HotSpot 64-Bit Tiered Compilers
	sun.os.patch.level = 
	sun.stderr.encoding = cp850
	sun.stdout.encoding = cp850
	user.country = EC
	user.dir = D:\SOFTWARE\wildfly-18.0.1.Final\bin
	user.home = C:\Users\Santi
	user.language = es
	user.name = SANTI
	user.script = 
	user.timezone = America/Bogota
	user.variant = 
2019-12-16 15:08:19,670 DEBUG [org.jboss.as.config] (MSC service thread 1-2) VM Arguments: -Dprogram.name=standalone.bat -Xms64M -Xmx512M -XX:MetaspaceSize=96M -XX:MaxMetaspaceSize=256m -Djava.net.preferIPv4Stack=true -Djboss.modules.system.pkgs=org.jboss.byteman -Dorg.jboss.boot.log.file=D:\SOFTWARE\wildfly-18.0.1.Final\standalone\log\server.log -Dlogging.configuration=file:D:\SOFTWARE\wildfly-18.0.1.Final\standalone\configuration/logging.properties 
2019-12-16 15:08:59,621 INFO  [org.wildfly.security] (ServerService Thread Pool -- 28) ELY00001: WildFly Elytron version 1.10.4.Final
2019-12-16 15:09:37,793 INFO  [org.jboss.as.controller.management-deprecated] (Controller Boot Thread) WFLYCTL0028: Attribute 'security-realm' in the resource at address '/core-service=management/management-interface=http-interface' is deprecated, and may be removed in a future version. See the attribute description in the output of the read-resource-description operation to learn more about the deprecation.
2019-12-16 15:09:37,997 INFO  [org.jboss.as.controller.management-deprecated] (ServerService Thread Pool -- 64) WFLYCTL0028: Attribute 'security-realm' in the resource at address '/subsystem=undertow/server=default-server/https-listener=https' is deprecated, and may be removed in a future version. See the attribute description in the output of the read-resource-description operation to learn more about the deprecation.
2019-12-16 15:09:38,904 INFO  [org.jboss.as.server.deployment.scanner] (DeploymentScanner-threads - 1) WFLYDS0004: Found proyecto1.war in deployment directory. To trigger deployment create a file called proyecto1.war.dodeploy
2019-12-16 15:09:39,228 INFO  [org.jboss.as.server] (Controller Boot Thread) WFLYSRV0039: Creating http management service using socket-binding (management-http)
2019-12-16 15:09:40,000 INFO  [org.xnio] (MSC service thread 1-1) XNIO version 3.7.3.Final
2019-12-16 15:09:40,716 WARN  [org.jboss.as.txn] (ServerService Thread Pool -- 101) WFLYTX0013: The node-identifier attribute on the /subsystem=transactions is set to the default value. This is a danger for environments running multiple servers. Please make sure the attribute value is unique.
2019-12-16 15:09:40,740 INFO  [org.wildfly.extension.microprofile.opentracing] (ServerService Thread Pool -- 92) WFLYTRACEXT0001: Activating MicroProfile OpenTracing Subsystem
2019-12-16 15:09:40,748 INFO  [org.wildfly.extension.microprofile.config.smallrye._private] (ServerService Thread Pool -- 89) WFLYCONF0001: Activating WildFly MicroProfile Config Subsystem
2019-12-16 15:09:40,848 INFO  [org.wildfly.extension.microprofile.metrics.smallrye] (ServerService Thread Pool -- 91) WFLYMETRICS0001: Activating Eclipse MicroProfile Metrics Subsystem
2019-12-16 15:09:40,912 INFO  [org.xnio.nio] (MSC service thread 1-1) XNIO NIO Implementation Version 3.7.3.Final
2019-12-16 15:09:40,984 INFO  [org.jboss.as.clustering.infinispan] (ServerService Thread Pool -- 80) WFLYCLINF0001: Activating Infinispan subsystem.
2019-12-16 15:09:40,996 INFO  [org.jboss.as.webservices] (ServerService Thread Pool -- 103) WFLYWS0002: Activating WebServices Extension
2019-12-16 15:09:41,108 INFO  [org.wildfly.extension.microprofile.health.smallrye] (ServerService Thread Pool -- 90) WFLYHEALTH0001: Activating Eclipse MicroProfile Health Subsystem
2019-12-16 15:09:41,152 INFO  [org.jboss.as.jsf] (ServerService Thread Pool -- 87) WFLYJSF0007: Activated the following JSF Implementations: [main]
2019-12-16 15:09:41,720 INFO  [org.jboss.as.security] (ServerService Thread Pool -- 99) WFLYSEC0002: Activating Security Subsystem
2019-12-16 15:09:41,760 INFO  [org.jboss.as.naming] (ServerService Thread Pool -- 93) WFLYNAM0001: Activating Naming Subsystem
2019-12-16 15:09:44,352 INFO  [org.jboss.as.connector] (MSC service thread 1-3) WFLYJCA0009: Starting JCA Subsystem (WildFly/IronJacamar 1.4.17.Final)
2019-12-16 15:09:46,192 INFO  [org.jboss.as.security] (MSC service thread 1-3) WFLYSEC0001: Current PicketBox version=5.0.3.Final
2019-12-16 15:09:46,860 INFO  [org.wildfly.extension.undertow] (MSC service thread 1-2) WFLYUT0003: Undertow 2.0.27.Final starting
2019-12-16 15:09:47,980 INFO  [org.jboss.as.jaxrs] (ServerService Thread Pool -- 82) WFLYRS0016: RESTEasy version 3.9.1.Final
2019-12-16 15:09:48,388 INFO  [org.jboss.as.connector.subsystems.datasources] (ServerService Thread Pool -- 72) WFLYJCA0004: Deploying JDBC-compliant driver class org.h2.Driver (version 1.4)
2019-12-16 15:09:51,407 INFO  [org.wildfly.extension.undertow] (ServerService Thread Pool -- 102) WFLYUT0014: Creating file handler for path 'D:\SOFTWARE\wildfly-18.0.1.Final/welcome-content' with options [directory-listing: 'false', follow-symlink: 'false', case-sensitive: 'true', safe-symlink-paths: '[]']
2019-12-16 15:09:51,827 INFO  [org.jboss.as.connector.deployers.jdbc] (MSC service thread 1-4) WFLYJCA0018: Started Driver service with driver-name = h2
2019-12-16 15:09:53,980 INFO  [org.jboss.as.naming] (MSC service thread 1-2) WFLYNAM0003: Starting Naming Service
2019-12-16 15:09:54,588 INFO  [org.wildfly.extension.io] (ServerService Thread Pool -- 81) WFLYIO001: Worker 'default' has auto-configured to 4 core threads with 32 task threads based on your 2 available processors
2019-12-16 15:09:55,535 INFO  [org.jboss.as.mail.extension] (MSC service thread 1-3) WFLYMAIL0001: Bound mail session [java:jboss/mail/Default]
2019-12-16 15:09:56,159 INFO  [org.jboss.remoting] (MSC service thread 1-1) JBoss Remoting version 5.0.15.Final
2019-12-16 15:09:56,863 INFO  [org.jboss.as.ejb3] (MSC service thread 1-3) WFLYEJB0482: Strict pool mdb-strict-max-pool is using a max instance size of 8 (per class), which is derived from the number of CPUs on this host.
2019-12-16 15:09:56,863 INFO  [org.jboss.as.ejb3] (MSC service thread 1-2) WFLYEJB0481: Strict pool slsb-strict-max-pool is using a max instance size of 32 (per class), which is derived from thread worker pool sizing.
2019-12-16 15:09:58,231 INFO  [org.wildfly.extension.undertow] (MSC service thread 1-3) WFLYUT0012: Started server default-server.
2019-12-16 15:09:58,295 INFO  [org.wildfly.extension.undertow] (MSC service thread 1-3) WFLYUT0018: Host default-host starting
2019-12-16 15:09:59,468 INFO  [org.jboss.as.ejb3] (MSC service thread 1-3) WFLYEJB0493: EJB subsystem suspension complete
2019-12-16 15:09:59,604 INFO  [org.wildfly.extension.undertow] (MSC service thread 1-2) WFLYUT0006: Undertow HTTP listener default listening on 127.0.0.1:8080
2019-12-16 15:10:00,700 INFO  [org.jboss.as.connector.subsystems.datasources] (MSC service thread 1-2) WFLYJCA0001: Bound data source [java:jboss/datasources/ExampleDS]
2019-12-16 15:10:14,392 INFO  [org.jboss.as.patching] (MSC service thread 1-3) WFLYPAT0050: WildFly Full cumulative patch ID is: base, one-off patches include: none
2019-12-16 15:10:14,488 WARN  [org.jboss.as.domain.management.security] (MSC service thread 1-3) WFLYDM0111: Keystore D:\SOFTWARE\wildfly-18.0.1.Final\standalone\configuration\application.keystore not found, it will be auto generated on first use with a self signed certificate for host localhost
2019-12-16 15:10:14,559 INFO  [org.jboss.as.server.deployment.scanner] (MSC service thread 1-3) WFLYDS0013: Started FileSystemDeploymentService for directory D:\SOFTWARE\wildfly-18.0.1.Final\standalone\deployments
2019-12-16 15:10:14,683 INFO  [org.jboss.as.server.deployment] (MSC service thread 1-2) WFLYSRV0027: Starting deployment of "proyecto1.war" (runtime-name: "proyecto1.war")
2019-12-16 15:10:16,508 INFO  [org.wildfly.extension.undertow] (MSC service thread 1-1) WFLYUT0006: Undertow HTTPS listener https listening on 127.0.0.1:8443
2019-12-16 15:10:21,863 INFO  [org.jboss.ws.common.management] (MSC service thread 1-2) JBWS022052: Starting JBossWS 5.3.0.Final (Apache CXF 3.3.3) 
2019-12-16 15:10:41,253 INFO  [org.jboss.as.connector.deployers.jdbc] (MSC service thread 1-1) WFLYJCA0005: Deploying non-JDBC-compliant driver class org.postgresql.Driver (version 9.3)
2019-12-16 15:10:41,505 INFO  [org.infinispan.factories.GlobalComponentRegistry] (MSC service thread 1-3) ISPN000128: Infinispan version: Infinispan 'Infinity Minus ONE +2' 9.4.16.Final
2019-12-16 15:10:42,117 INFO  [org.jboss.as.connector.deployers.jdbc] (MSC service thread 1-4) WFLYJCA0018: Started Driver service with driver-name = proyecto1.war_org.postgresql.Driver_9_3
2019-12-16 15:10:48,105 INFO  [org.jboss.as.clustering.infinispan] (ServerService Thread Pool -- 107) WFLYCLINF0002: Started client-mappings cache from ejb container
2019-12-16 15:10:51,056 WARN  [org.jboss.resteasy.resteasy_jaxrs.i18n] (ServerService Thread Pool -- 107) RESTEASY002150: resteasy.scan is no longer supported.  Use a servlet 3.0 container and the ResteasyServletInitializer
2019-12-16 15:11:02,373 INFO  [org.hibernate.validator.internal.util.Version] (ServerService Thread Pool -- 107) HV000001: Hibernate Validator 6.0.18.Final
2019-12-16 15:11:04,703 INFO  [org.wildfly.extension.undertow] (ServerService Thread Pool -- 107) WFLYUT0021: Registered web context: '/proyecto1' for server 'default-server'
2019-12-16 15:11:05,854 INFO  [org.jboss.as.server] (ServerService Thread Pool -- 73) WFLYSRV0010: Deployed "proyecto1.war" (runtime-name : "proyecto1.war")
2019-12-16 15:11:06,258 INFO  [org.jboss.as.server] (Controller Boot Thread) WFLYSRV0212: Resuming server
2019-12-16 15:11:06,266 INFO  [org.jboss.as] (Controller Boot Thread) WFLYSRV0060: Http management interface listening on http://127.0.0.1:9990/management
2019-12-16 15:11:06,270 INFO  [org.jboss.as] (Controller Boot Thread) WFLYSRV0051: Admin console listening on http://127.0.0.1:9990
2019-12-16 15:11:06,274 INFO  [org.jboss.as] (Controller Boot Thread) WFLYSRV0025: WildFly Full 18.0.1.Final (WildFly Core 10.0.3.Final) started in 244927ms - Started 425 of 651 services (374 services are lazy, passive or on-demand)
2019-12-16 15:13:55,146 INFO  [stdout] (default task-1) Conexion a base de datos "tuto1_bd" realizada ok
2019-12-16 15:14:12,121 INFO  [stdout] (default task-1) Conexion a base de datos "tuto1_bd" realizada ok
2019-12-16 15:14:21,495 INFO  [stdout] (default task-1) Conexion a base de datos "tuto1_bd" realizada ok
2019-12-16 15:14:29,109 INFO  [stdout] (default task-1) Conexion a base de datos "tuto1_bd" realizada ok
2019-12-16 15:24:54,134 INFO  [stdout] (default task-1) Conexion a base de datos "tuto1_bd" realizada ok
2019-12-16 15:25:43,018 INFO  [stdout] (default task-1) Conexion a base de datos "tuto1_bd" realizada ok
